Build started 13.5.2015 9:20:11.
     1>Project "C:\Users\Olli\Documents\GitHub\Lost_Paradise\LostParadise\LostParadise.vcxproj" on node 2 (Build target(s)).
     1>Link:
         C:\Program Files (x86)\Microsoft Visual Studio 12.0\VC\bin\link.exe /ERRORREPORT:PROMPT /OUT:"C:\Users\Olli\Documents\GitHub\Lost_Paradise\LostParadise\Debug\LostParadise.exe" /INCREMENTAL /NOLOGO /LIBPATH:"C:\Users\Olli\Documents\GitHub\Lost_Paradise\LostParadise\SFML-2.1/lib" "sfml-system-s-d.lib" "sfml-audio-s-d.lib" "sfml-window-s-d.lib" "sfml-graphics-s-d.lib" winmm.lib openal32.lib sndfile.lib opengl32.lib gdi32.lib freetype.lib glew.lib jpeg.lib kernel32.lib user32.lib gdi32.lib winspool.lib comdlg32.lib advapi32.lib shell32.lib ole32.lib oleaut32.lib uuid.lib odbc32.lib odbccp32.lib /MANIFEST /MANIFESTUAC:"level='asInvoker' uiAccess='false'" /manifest:embed /DEBUG /PDB:"C:\Users\Olli\Documents\GitHub\Lost_Paradise\LostParadise\Debug\LostParadise.pdb" /TLBID:1 /DYNAMICBASE /NXCOMPAT /IMPLIB:"C:\Users\Olli\Documents\GitHub\Lost_Paradise\LostParadise\Debug\LostParadise.lib" /MACHINE:X86 Debug\Animation.obj
         Debug\Bullet.obj
         Debug\Creature.obj
         Debug\Game.obj
         Debug\GameObject.obj
         Debug\GameState.obj
         Debug\GameState_GAME.obj
         Debug\GameState_MENU.obj
         Debug\GameState_PAUSE.obj
         Debug\Level.obj
         Debug\main.obj
         Debug\Monster.obj
         Debug\Player.obj
         Debug\State_END.obj
         Debug\State_GAME.obj
         Debug\State_INTRO.obj
         Debug\State_MENU.obj
         Debug\State_OPTIONS.obj
         Debug\State_PAUSE.obj
         Debug\Wall.obj
         LostParadise.vcxproj -> C:\Users\Olli\Documents\GitHub\Lost_Paradise\LostParadise\Debug\LostParadise.exe
     1>Done Building Project "C:\Users\Olli\Documents\GitHub\Lost_Paradise\LostParadise\LostParadise.vcxproj" (Build target(s)).

Build succeeded.

Time Elapsed 00:00:00.35
